07-May-2018 12:30:16.424 INFO [main] org.apache.catalina.core.AprLifecycleListener.lifecycleEvent The APR based Apache Tomcat Native library which allows optimal performance in production environments was not found on the java.library.path: [C:\Program Files\Java\jdk1.8.0_172\jre\bin;C:\WINDOWS\Sun\Java\bin;C:\WINDOWS\system32;C:\WINDOWS;C:\ProgramData\Oracle\Java\javapath;C:\WINDOWS\system32;C:\WINDOWS;C:\WINDOWS\System32\Wbem;C:\WINDOWS\System32\WindowsPowerShell\v1.0\;C:\Program Files\dotnet\;C:\Program Files\Microsoft SQL Server\130\Tools\Binn\;C:\Program Files\Java\jdk1.8.0_172\bin;%MAVEN_HOME%\bin;D:\Program Files\Redis;D:\Python27;D:\Program Files\nodejs\;D:\Python27\Scripts;D:\Program Files\Git\cmd;D:\Program Files\PuTTY\;D:\Program Files\Apache\Maven 3.5.2\bin;%ANDROID_SDK_ROOT%\emulator;%ANDROID_SDK_ROOT%\tools;;C:\Android;C:\Windows\System32;C:\ProgramData\chocolatey\bin;C:\Program Files\Java\jdk1.8.0_172\bin;C:\Users\Patrick\AppData\Local\Microsoft\WindowsApps;D:\Program Files\Microsoft VS Code\bin;C:\Users\Patrick\AppData\Roaming\npm;D:\Program Files\flutter\bin;;.]
07-May-2018 12:30:16.819 INFO [main] org.apache.coyote.AbstractProtocol.init Initializing ProtocolHandler ["http-nio-8080"]
07-May-2018 12:30:17.058 INFO [main] org.apache.tomcat.util.net.NioSelectorPool.getSharedSelector Using a shared selector for servlet write/read
07-May-2018 12:30:17.064 INFO [main] org.apache.coyote.AbstractProtocol.init Initializing ProtocolHandler ["ajp-nio-8009"]
07-May-2018 12:30:17.069 INFO [main] org.apache.tomcat.util.net.NioSelectorPool.getSharedSelector Using a shared selector for servlet write/read
07-May-2018 12:30:17.070 INFO [main] org.apache.catalina.startup.Catalina.load Initialization processed in 1358 ms
07-May-2018 12:30:17.129 INFO [main] org.apache.catalina.core.StandardService.startInternal Starting service [Catalina]
07-May-2018 12:30:17.130 INFO [main] org.apache.catalina.core.StandardEngine.startInternal Starting Servlet Engine: Apache Tomcat/8.5.23
07-May-2018 12:30:17.172 INFO [localhost-startStop-1] org.apache.catalina.startup.HostConfig.deployWAR Deploying web application archive [D:\Patrick\documenten\Github\cvocrescendo\hippoproject\target\tomcat8x\webapps\cargocpc.war]
07-May-2018 12:30:17.978 INFO [localhost-startStop-1] org.apache.catalina.startup.HostConfig.deployWAR Deployment of web application archive [D:\Patrick\documenten\Github\cvocrescendo\hippoproject\target\tomcat8x\webapps\cargocpc.war] has finished in [805] ms
07-May-2018 12:30:17.979 INFO [localhost-startStop-1] org.apache.catalina.startup.HostConfig.deployWAR Deploying web application archive [D:\Patrick\documenten\Github\cvocrescendo\hippoproject\target\tomcat8x\webapps\cms.war]
07-May-2018 12:31:20.008 INFO [localhost-startStop-1] org.apache.catalina.startup.HostConfig.deployWAR Deployment of web application archive [D:\Patrick\documenten\Github\cvocrescendo\hippoproject\target\tomcat8x\webapps\cms.war] has finished in [62,029] ms
07-May-2018 12:31:20.011 INFO [localhost-startStop-1] org.apache.catalina.startup.HostConfig.deployWAR Deploying web application archive [D:\Patrick\documenten\Github\cvocrescendo\hippoproject\target\tomcat8x\webapps\essentials.war]
07-May-2018 12:31:45.142 INFO [localhost-startStop-1] org.apache.cxf.endpoint.ServerImpl.initDestination Setting the server's publish address to be /
07-May-2018 12:31:46.088 INFO [localhost-startStop-1] org.apache.cxf.endpoint.ServerImpl.initDestination Setting the server's publish address to be /system
07-May-2018 12:31:46.107 INFO [localhost-startStop-1] org.apache.catalina.startup.HostConfig.deployWAR Deployment of web application archive [D:\Patrick\documenten\Github\cvocrescendo\hippoproject\target\tomcat8x\webapps\essentials.war] has finished in [26,096] ms
07-May-2018 12:31:46.124 INFO [localhost-startStop-1] org.apache.catalina.startup.HostConfig.deployWAR Deploying web application archive [D:\Patrick\documenten\Github\cvocrescendo\hippoproject\target\tomcat8x\webapps\site.war]
07-May-2018 12:31:46.141 INFO [localhost-startStop-1] org.apache.catalina.realm.JAASRealm.setUseContextClassLoader Setting useContextClassLoader = true
07-May-2018 12:32:06.604 INFO [localhost-startStop-1] org.apache.catalina.startup.HostConfig.deployWAR Deployment of web application archive [D:\Patrick\documenten\Github\cvocrescendo\hippoproject\target\tomcat8x\webapps\site.war] has finished in [20,480] ms
07-May-2018 12:32:06.607 INFO [localhost-startStop-1] org.apache.catalina.startup.HostConfig.deployDirectory Deploying web application directory [D:\Patrick\documenten\Github\cvocrescendo\hippoproject\target\tomcat8x\webapps\host-manager]
07-May-2018 12:32:06.718 INFO [localhost-startStop-1] org.apache.catalina.startup.HostConfig.deployDirectory Deployment of web application directory [D:\Patrick\documenten\Github\cvocrescendo\hippoproject\target\tomcat8x\webapps\host-manager] has finished in [112] ms
07-May-2018 12:32:06.719 INFO [localhost-startStop-1] org.apache.catalina.startup.HostConfig.deployDirectory Deploying web application directory [D:\Patrick\documenten\Github\cvocrescendo\hippoproject\target\tomcat8x\webapps\manager]
07-May-2018 12:32:06.843 INFO [localhost-startStop-1] org.apache.catalina.startup.HostConfig.deployDirectory Deployment of web application directory [D:\Patrick\documenten\Github\cvocrescendo\hippoproject\target\tomcat8x\webapps\manager] has finished in [124] ms
07-May-2018 12:32:06.856 INFO [main] org.apache.coyote.AbstractProtocol.start Starting ProtocolHandler ["http-nio-8080"]
07-May-2018 12:32:06.883 INFO [main] org.apache.coyote.AbstractProtocol.start Starting ProtocolHandler ["ajp-nio-8009"]
07-May-2018 12:32:06.898 INFO [main] org.apache.catalina.startup.Catalina.start Server startup in 109827 ms
